c:\users\garrett\source\repos\ncgame\engine\release\vc141.pdb
c:\users\garrett\source\repos\ncgame\engine\release\state.obj
c:\users\garrett\source\repos\ncgame\engine\release\spritecomponent.obj
c:\users\garrett\source\repos\ncgame\engine\release\scene.obj
c:\users\garrett\source\repos\ncgame\engine\release\physics.obj
c:\users\garrett\source\repos\ncgame\engine\release\object.obj
c:\users\garrett\source\repos\ncgame\engine\release\kinematiccomponent.obj
c:\users\garrett\source\repos\ncgame\engine\release\inputmanager.obj
c:\users\garrett\source\repos\ncgame\engine\release\id.obj
c:\users\garrett\source\repos\ncgame\engine\release\filesystem.obj
c:\users\garrett\source\repos\ncgame\engine\release\eventmanager.obj
c:\users\garrett\source\repos\ncgame\engine\release\entity.obj
c:\users\garrett\source\repos\ncgame\engine\release\engine.obj
c:\users\garrett\source\repos\ncgame\engine\release\debugdraw.obj
c:\users\garrett\source\repos\ncgame\engine\release\controllercomponent.obj
c:\users\garrett\source\repos\ncgame\engine\release\component.obj
c:\users\garrett\source\repos\ncgame\engine\release\color.obj
c:\users\garrett\source\repos\ncgame\engine\release\audiosystem.obj
c:\users\garrett\source\repos\ncgame\engine\release\animationcomponent.obj
c:\users\garrett\source\repos\ncgame\engine\release\aabbcomponent.obj
c:\users\garrett\source\repos\ncgame\engine\release\aabb.obj
c:\users\garrett\source\repos\ncgame\engine\release\vector3d.obj
c:\users\garrett\source\repos\ncgame\engine\release\vector2d.obj
c:\users\garrett\source\repos\ncgame\engine\release\timer.obj
c:\users\garrett\source\repos\ncgame\engine\release\texturemanager.obj
c:\users\garrett\source\repos\ncgame\engine\release\textmanager.obj
c:\users\garrett\source\repos\ncgame\engine\release\text.obj
c:\users\garrett\source\repos\ncgame\engine\release\renderer.obj
c:\users\garrett\source\repos\ncgame\engine\release\matrix33.obj
c:\users\garrett\source\repos\ncgame\engine\release\matrix22.obj
c:\users\garrett\source\repos\ncgame\engine\release\_math.obj
c:\users\garrett\source\repos\ncgame\engine\release\waypointcontrollercomponent.obj
c:\users\garrett\source\repos\ncgame\engine\release\waypoint.obj
c:\users\garrett\source\repos\ncgame\engine\release\transformcontrollercomponent.obj
c:\users\garrett\source\repos\ncgame\engine\release\transform.obj
c:\users\garrett\source\repos\ncgame\engine\release\texture.obj
c:\users\garrett\source\repos\ncgame\engine\release\textcomponent.obj
c:\users\garrett\source\repos\ncgame\engine\release\statemachine.obj
c:\users\garrett\source\repos\ncgame\release\engine.lib
c:\users\garrett\source\repos\ncgame\release\engine.exp
c:\users\garrett\source\repos\ncgame\release\engine.ipdb
c:\users\garrett\source\repos\ncgame\release\engine.iobj
c:\users\garrett\source\repos\ncgame\release\engine.dll
c:\users\garrett\source\repos\ncgame\release\engine.pdb
c:\users\garrett\source\repos\ncgame\engine\release\engine.tlog\cl.command.1.tlog
c:\users\garrett\source\repos\ncgame\engine\release\engine.tlog\cl.read.1.tlog
c:\users\garrett\source\repos\ncgame\engine\release\engine.tlog\cl.write.1.tlog
c:\users\garrett\source\repos\ncgame\engine\release\engine.tlog\engine.write.1u.tlog
c:\users\garrett\source\repos\ncgame\engine\release\engine.tlog\link.command.1.tlog
c:\users\garrett\source\repos\ncgame\engine\release\engine.tlog\link.read.1.tlog
c:\users\garrett\source\repos\ncgame\engine\release\engine.tlog\link.write.1.tlog
