  aabb.cpp
  aabbComponent.cpp
  animationComponent.cpp
c:\users\garrett\source\repos\ncgame\engine\animationcomponent.cpp(39): warning C4018: '>=': signed/unsigned mismatch
  audioSystem.cpp
  color.cpp
  component.cpp
  controllerComponent.cpp
  debugDraw.cpp
  engine.cpp
  entity.cpp
  eventManager.cpp
  fileSystem.cpp
  id.cpp
  inputManager.cpp
  kinematicComponent.cpp
  object.cpp
  physics.cpp
  scene.cpp
  spriteComponent.cpp
  state.cpp
  Generating Code...
  Compiling...
  stateMachine.cpp
  textComponent.cpp
  texture.cpp
  transform.cpp
  waypoint.cpp
  _math.cpp
  matrix22.cpp
  matrix33.cpp
  renderer.cpp
  text.cpp
  textManager.cpp
  textureManager.cpp
  timer.cpp
  vector2D.cpp
  vector3D.cpp
  Generating Code...
     Creating library C:\Users\Garrett\source\repos\NCGame\Debug\Engine.lib and object C:\Users\Garrett\source\repos\NCGame\Debug\Engine.exp
  Engine.vcxproj -> C:\Users\Garrett\source\repos\NCGame\Debug\Engine.dll
