c:\users\garrett\source\repos\ncgame\engine\debug\vc141.pdb
c:\users\garrett\source\repos\ncgame\engine\debug\vc141.idb
c:\users\garrett\source\repos\ncgame\engine\debug\texture.obj
c:\users\garrett\source\repos\ncgame\engine\debug\renderer.obj
c:\users\garrett\source\repos\ncgame\engine\debug\timer.obj
c:\users\garrett\source\repos\ncgame\engine\debug\texturemanager.obj
c:\users\garrett\source\repos\ncgame\engine\debug\textmanager.obj
c:\users\garrett\source\repos\ncgame\engine\debug\text.obj
c:\users\garrett\source\repos\ncgame\engine\debug\spritecomponent.obj
c:\users\garrett\source\repos\ncgame\engine\debug\shipcontrollercomponent.obj
c:\users\garrett\source\repos\ncgame\engine\debug\scene.obj
c:\users\garrett\source\repos\ncgame\engine\debug\object.obj
c:\users\garrett\source\repos\ncgame\engine\debug\matrix33.obj
c:\users\garrett\source\repos\ncgame\engine\debug\matrix22.obj
c:\users\garrett\source\repos\ncgame\engine\debug\inputmanager.obj
c:\users\garrett\source\repos\ncgame\engine\debug\id.obj
c:\users\garrett\source\repos\ncgame\engine\debug\entity.obj
c:\users\garrett\source\repos\ncgame\engine\debug\engine.obj
c:\users\garrett\source\repos\ncgame\engine\debug\component.obj
c:\users\garrett\source\repos\ncgame\engine\debug\color.obj
c:\users\garrett\source\repos\ncgame\engine\debug\audiosystem.obj
c:\users\garrett\source\repos\ncgame\engine\debug\_math.obj
c:\users\garrett\source\repos\ncgame\engine\debug\vector3d.obj
c:\users\garrett\source\repos\ncgame\engine\debug\vector2d.obj
c:\users\garrett\source\repos\ncgame\engine\debug\transformcomponent.obj
c:\users\garrett\source\repos\ncgame\engine\debug\physics.obj
c:\users\garrett\source\repos\ncgame\engine\debug\kinematiccomponent.obj
c:\users\garrett\source\repos\ncgame\engine\debug\transform.obj
c:\users\garrett\source\repos\ncgame\engine\debug\filesystem.obj
c:\users\garrett\source\repos\ncgame\engine\debug\controllercomponent.obj
c:\users\garrett\source\repos\ncgame\engine\debug\aabbcomponent.obj
c:\users\garrett\source\repos\ncgame\engine\debug\aabb.obj
c:\users\garrett\source\repos\ncgame\engine\debug\eventmanager.obj
c:\users\garrett\source\repos\ncgame\engine\debug\textcomponent.obj
c:\users\garrett\source\repos\ncgame\engine\debug\animationcomponent.obj
c:\users\garrett\source\repos\ncgame\engine\debug\statemachine.obj
c:\users\garrett\source\repos\ncgame\engine\debug\state.obj
c:\users\garrett\source\repos\ncgame\engine\debug\waypoint.obj
c:\users\garrett\source\repos\ncgame\engine\debug\debugdraw.obj
c:\users\garrett\source\repos\ncgame\debug\engine.lib
c:\users\garrett\source\repos\ncgame\debug\engine.exp
c:\users\garrett\source\repos\ncgame\debug\engine.dll
c:\users\garrett\source\repos\ncgame\debug\engine.ilk
c:\users\garrett\source\repos\ncgame\debug\engine.pdb
c:\users\garrett\source\repos\ncgame\engine\debug\engine.tlog\cl.command.1.tlog
c:\users\garrett\source\repos\ncgame\engine\debug\engine.tlog\cl.read.1.tlog
c:\users\garrett\source\repos\ncgame\engine\debug\engine.tlog\cl.write.1.tlog
c:\users\garrett\source\repos\ncgame\engine\debug\engine.tlog\engine.write.1u.tlog
c:\users\garrett\source\repos\ncgame\engine\debug\engine.tlog\link.13716.delete.1.tlog
c:\users\garrett\source\repos\ncgame\engine\debug\engine.tlog\link.13892.delete.1.tlog
c:\users\garrett\source\repos\ncgame\engine\debug\engine.tlog\link.14464.delete.1.tlog
c:\users\garrett\source\repos\ncgame\engine\debug\engine.tlog\link.14512.delete.1.tlog
c:\users\garrett\source\repos\ncgame\engine\debug\engine.tlog\link.1460.delete.1.tlog
c:\users\garrett\source\repos\ncgame\engine\debug\engine.tlog\link.14652.delete.1.tlog
c:\users\garrett\source\repos\ncgame\engine\debug\engine.tlog\link.14752.delete.1.tlog
c:\users\garrett\source\repos\ncgame\engine\debug\engine.tlog\link.14868.delete.1.tlog
c:\users\garrett\source\repos\ncgame\engine\debug\engine.tlog\link.15392.delete.1.tlog
c:\users\garrett\source\repos\ncgame\engine\debug\engine.tlog\link.15560.delete.1.tlog
c:\users\garrett\source\repos\ncgame\engine\debug\engine.tlog\link.15584.delete.1.tlog
c:\users\garrett\source\repos\ncgame\engine\debug\engine.tlog\link.15624.delete.1.tlog
c:\users\garrett\source\repos\ncgame\engine\debug\engine.tlog\link.15660.delete.1.tlog
c:\users\garrett\source\repos\ncgame\engine\debug\engine.tlog\link.16204.delete.1.tlog
c:\users\garrett\source\repos\ncgame\engine\debug\engine.tlog\link.16852.delete.1.tlog
c:\users\garrett\source\repos\ncgame\engine\debug\engine.tlog\link.1724.delete.1.tlog
c:\users\garrett\source\repos\ncgame\engine\debug\engine.tlog\link.21304.delete.1.tlog
c:\users\garrett\source\repos\ncgame\engine\debug\engine.tlog\link.2312.delete.1.tlog
c:\users\garrett\source\repos\ncgame\engine\debug\engine.tlog\link.2452.delete.1.tlog
c:\users\garrett\source\repos\ncgame\engine\debug\engine.tlog\link.2592.delete.1.tlog
c:\users\garrett\source\repos\ncgame\engine\debug\engine.tlog\link.4160.delete.1.tlog
c:\users\garrett\source\repos\ncgame\engine\debug\engine.tlog\link.7480.delete.1.tlog
c:\users\garrett\source\repos\ncgame\engine\debug\engine.tlog\link.7600.delete.1.tlog
c:\users\garrett\source\repos\ncgame\engine\debug\engine.tlog\link.7796.delete.1.tlog
c:\users\garrett\source\repos\ncgame\engine\debug\engine.tlog\link.7864.delete.1.tlog
c:\users\garrett\source\repos\ncgame\engine\debug\engine.tlog\link.8232.delete.1.tlog
c:\users\garrett\source\repos\ncgame\engine\debug\engine.tlog\link.8512.delete.1.tlog
c:\users\garrett\source\repos\ncgame\engine\debug\engine.tlog\link.896.delete.1.tlog
c:\users\garrett\source\repos\ncgame\engine\debug\engine.tlog\link.9192.delete.1.tlog
c:\users\garrett\source\repos\ncgame\engine\debug\engine.tlog\link.9196.delete.1.tlog
c:\users\garrett\source\repos\ncgame\engine\debug\engine.tlog\link.command.1.tlog
c:\users\garrett\source\repos\ncgame\engine\debug\engine.tlog\link.read.1.tlog
c:\users\garrett\source\repos\ncgame\engine\debug\engine.tlog\link.write.1.tlog
