c:\users\garrett\source\repos\ncgame\game\release\vc141.pdb
c:\users\garrett\source\repos\ncgame\game\release\states.obj
c:\users\garrett\source\repos\ncgame\game\release\shipcontrollercomponent.obj
c:\users\garrett\source\repos\ncgame\game\release\ship.obj
c:\users\garrett\source\repos\ncgame\game\release\playerexplosion.obj
c:\users\garrett\source\repos\ncgame\game\release\missile.obj
c:\users\garrett\source\repos\ncgame\game\release\main.obj
c:\users\garrett\source\repos\ncgame\game\release\game.obj
c:\users\garrett\source\repos\ncgame\game\release\formation.obj
c:\users\garrett\source\repos\ncgame\game\release\enemyflightanimation.obj
c:\users\garrett\source\repos\ncgame\game\release\explosion.obj
c:\users\garrett\source\repos\ncgame\game\release\enemycontrollercomponent.obj
c:\users\garrett\source\repos\ncgame\game\release\enemy.obj
c:\users\garrett\source\repos\ncgame\release\game.ipdb
c:\users\garrett\source\repos\ncgame\release\game.iobj
c:\users\garrett\source\repos\ncgame\release\game.exe
c:\users\garrett\source\repos\ncgame\release\game.pdb
c:\users\garrett\source\repos\ncgame\game\release\game.tlog\cl.command.1.tlog
c:\users\garrett\source\repos\ncgame\game\release\game.tlog\cl.read.1.tlog
c:\users\garrett\source\repos\ncgame\game\release\game.tlog\cl.write.1.tlog
c:\users\garrett\source\repos\ncgame\game\release\game.tlog\game.write.1u.tlog
c:\users\garrett\source\repos\ncgame\game\release\game.tlog\link.command.1.tlog
c:\users\garrett\source\repos\ncgame\game\release\game.tlog\link.read.1.tlog
c:\users\garrett\source\repos\ncgame\game\release\game.tlog\link.write.1.tlog
